2025-09-16 09:34:52 [restartedMain] INFO  com.petmate.PetmateApplication - Starting PetmateApplication using Java 21.0.7 with PID 12440 (C:\lfm01\spring_boot\pjt-sts4\petmate-backend-mainb\petmate-backend\build\classes\java\main started by HI-02 in C:\lfm01\spring_boot\pjt-sts4\petmate-backend-mainb\petmate-backend)
2025-09-16 09:34:52 [restartedMain] DEBUG com.petmate.PetmateApplication - Running with Spring Boot v3.5.5, Spring v6.2.10
2025-09-16 09:34:52 [restartedMain] INFO  com.petmate.PetmateApplication - No active profile set, falling back to 1 default profile: "default"
2025-09-16 09:34:52 [restartedMain] INFO  o.s.b.d.restart.ChangeableUrls - The Class-Path manifest attribute in C:\Users\HI-02\.gradle\caches\modules-2\files-2.1\io.github.cdimascio\java-dotenv\5.2.2\f77d54ff193ed4b07415ab8d7b3d0550716aa8c\java-dotenv-5.2.2.jar referenced one or more files that do not exist: file:/C:/Users/HI-02/.gradle/caches/modules-2/files-2.1/io.github.cdimascio/java-dotenv/5.2.2/f77d54ff193ed4b07415ab8d7b3d0550716aa8c/kotlin-stdlib-1.4.0.jar,file:/C:/Users/HI-02/.gradle/caches/modules-2/files-2.1/io.github.cdimascio/java-dotenv/5.2.2/f77d54ff193ed4b07415ab8d7b3d0550716aa8c/kotlin-stdlib-common-1.4.0.jar,file:/C:/Users/HI-02/.gradle/caches/modules-2/files-2.1/io.github.cdimascio/java-dotenv/5.2.2/f77d54ff193ed4b07415ab8d7b3d0550716aa8c/annotations-13.0.jar
2025-09-16 09:34:52 [restartedMain] INFO  o.s.b.d.e.DevToolsPropertyDefaultsPostProcessor - Devtools property defaults active! Set 'spring.devtools.add-properties' to 'false' to disable
2025-09-16 09:34:52 [restartedMain] INFO  o.s.b.d.e.DevToolsPropertyDefaultsPostProcessor - For additional web related logging consider setting the 'logging.level.web' property to 'DEBUG'
2025-09-16 09:34:54 [restartedMain] INFO  o.s.d.r.c.RepositoryConfigurationDelegate - Bootstrapping Spring Data JPA repositories in DEFAULT mode.
2025-09-16 09:34:54 [restartedMain] INFO  o.s.d.r.c.RepositoryConfigurationDelegate - Finished Spring Data repository scanning in 183 ms. Found 11 JPA repository interfaces.
2025-09-16 09:34:56 [restartedMain] INFO  o.s.b.w.e.tomcat.TomcatWebServer - Tomcat initialized with port 8090 (http)
2025-09-16 09:34:56 [restartedMain] INFO  o.a.catalina.core.StandardService - Starting service [Tomcat]
2025-09-16 09:34:56 [restartedMain] INFO  o.a.catalina.core.StandardEngine - Starting Servlet engine: [Apache Tomcat/10.1.44]
2025-09-16 09:34:56 [restartedMain] INFO  o.a.c.c.C.[Tomcat].[localhost].[/] - Initializing Spring embedded WebApplicationContext
2025-09-16 09:34:56 [restartedMain] INFO  o.s.b.w.s.c.ServletWebServerApplicationContext - Root WebApplicationContext: initialization completed in 3655 ms
2025-09-16 09:34:56 [restartedMain] INFO  o.h.jpa.internal.util.LogHelper - HHH000204: Processing PersistenceUnitInfo [name: default]
2025-09-16 09:34:56 [restartedMain] INFO  org.hibernate.Version - HHH000412: Hibernate ORM core version 6.6.26.Final
2025-09-16 09:34:56 [restartedMain] INFO  o.h.c.i.RegionFactoryInitiator - HHH000026: Second-level cache disabled
2025-09-16 09:34:57 [restartedMain] INFO  o.s.o.j.p.SpringPersistenceUnitInfo - No LoadTimeWeaver setup: ignoring JPA class transformer
2025-09-16 09:34:57 [restartedMain] INFO  com.zaxxer.hikari.HikariDataSource - HikariPool-1 - Starting...
2025-09-16 09:34:58 [restartedMain] INFO  com.zaxxer.hikari.pool.HikariPool - HikariPool-1 - Added connection com.mysql.cj.jdbc.ConnectionImpl@3b11580e
2025-09-16 09:34:58 [restartedMain] INFO  com.zaxxer.hikari.HikariDataSource - HikariPool-1 - Start completed.
2025-09-16 09:34:58 [restartedMain] INFO  o.hibernate.orm.connections.pooling - HHH10001005: Database info:
	Database JDBC URL [Connecting through datasource 'HikariDataSource (HikariPool-1)']
	Database driver: undefined/unknown
	Database version: 8.0.43
	Autocommit mode: undefined/unknown
	Isolation level: undefined/unknown
	Minimum pool size: undefined/unknown
	Maximum pool size: undefined/unknown
2025-09-16 09:34:59 [restartedMain] INFO  o.h.e.t.j.p.i.JtaPlatformInitiator - HHH000489: No JTA platform available (set 'hibernate.transaction.jta.platform' to enable JTA platform integration)
2025-09-16 09:35:00 [restartedMain] INFO  o.s.o.j.LocalContainerEntityManagerFactoryBean - Initialized JPA EntityManagerFactory for persistence unit 'default'
2025-09-16 09:35:00 [restartedMain] INFO  o.s.d.j.r.query.QueryEnhancerFactory - Hibernate is in classpath; If applicable, HQL parser will be used.
2025-09-16 09:35:02 [restartedMain] INFO  com.petmate.config.WebConfig - CORS applied. origins=[localhost:3000, 127.0.0.1:3000, localhost:3001, https://minjung.kr], allowCredentials=false
2025-09-16 09:35:02 [restartedMain] INFO  com.petmate.config.WebConfig - Static mapping applied. /files/** -> file:C:/petmate/
2025-09-16 09:35:03 [restartedMain] WARN  o.s.b.a.t.ThymeleafAutoConfiguration$DefaultTemplateResolverConfiguration - Cannot find template location: classpath:/templates/ (please add some templates, check your Thymeleaf configuration, or set spring.thymeleaf.check-template-location=false)
2025-09-16 09:35:03 [restartedMain] INFO  o.s.b.d.a.OptionalLiveReloadServer - LiveReload server is running on port 35729
2025-09-16 09:35:03 [restartedMain] INFO  o.s.b.w.e.tomcat.TomcatWebServer - Tomcat started on port 8090 (http) with context path '/'
2025-09-16 09:35:03 [restartedMain] INFO  com.petmate.PetmateApplication - Started PetmateApplication in 11.828 seconds (process running for 12.713)
2025-09-16 09:35:03 [restartedMain] DEBUG org.hibernate.SQL - 
    select
        count(*) 
    from
        danal_codes gce1_0
2025-09-16 09:35:03 [restartedMain] INFO  com.petmate.config.DataInitializer - Common codes already initialized
